Jan-08 14:01:46.882 [main] DEBUG nextflow.cli.Launcher - $> nextflow run dmpfc_run.nf --derivatives /archive/data/SPINS/pipelines/bids_apps/
Jan-08 14:01:47.078 [main] INFO  nextflow.cli.CmdRun - N E X T F L O W  ~  version 19.09.0-edge
Jan-08 14:01:47.099 [main] INFO  nextflow.cli.CmdRun - Launching `dmpfc_run.nf` [high_leavitt] - revision: 80e3eaf28e
Jan-08 14:01:47.213 [main] DEBUG nextflow.extension.OperatorEx - Dataflow extension methods: branch,buffer,chain,choice,collate,collect,collectFile,combine,concat,count,countBy,countFasta,countFastq,countLines,countText,cross,distinct,filter,first,flatMap,flatten,fork,groupBy,groupTuple,ifEmpty,into,join,last,map,max,mean,merge,min,mix,phase,print,println,randomSample,reduce,route,separate,set,splitCsv,splitFasta,splitFastq,splitText,spread,subscribe,sum,take,tap,toDouble,toFloat,toInteger,toList,toLong,toSortedList,transpose,unique,until,view
Jan-08 14:01:47.230 [main] DEBUG nextflow.Session - Session uuid: 43610c20-5cbc-4902-9917-68e760a22360
Jan-08 14:01:47.230 [main] DEBUG nextflow.Session - Run name: high_leavitt
Jan-08 14:01:47.232 [main] DEBUG nextflow.Session - Executor pool size: 32
Jan-08 14:01:47.248 [main] DEBUG nextflow.cli.CmdRun - 
  Version: 19.09.0-edge build 5167
  Created: 16-09-2019 21:15 UTC (17:15 EDT)
  System: Linux 4.4.0-148-generic
  Runtime: Groovy 2.5.8 on OpenJDK 64-Bit Server VM 1.8.0_212-8u212-b03-0ubuntu1.16.04.1-b03
  Encoding: UTF-8 (UTF-8)
  Process: 440030@bayes.camhres.ca [172.26.216.97]
  CPUs: 32 - Mem: 62.5 GB (29.6 GB) - Swap: 980 MB (349.4 MB)
Jan-08 14:01:47.357 [main] DEBUG nextflow.Session - Work-dir: /scratch/jjeyachandra/nextflow_work [nfs]
Jan-08 14:01:47.358 [main] DEBUG nextflow.Session - Script base path does not exist or is not a directory: /mnt/tigrlab/projects/jjeyachandra/BOONStim/pipeline/dsl2/user/bin
Jan-08 14:01:47.391 [main] DEBUG nextflow.Session - Observer factory: TowerFactory
Jan-08 14:01:47.396 [main] DEBUG nextflow.Session - Observer factory: DefaultObserverFactory
Jan-08 14:01:47.602 [main] DEBUG nextflow.Session - Session start invoked
Jan-08 14:01:48.273 [main] DEBUG nextflow.script.ScriptRunner - > Launching execution
Jan-08 14:01:48.283 [main] WARN  nextflow.NextflowMeta$Preview - DSL 2 IS AN EXPERIMENTAL FEATURE UNDER DEVELOPMENT -- SYNTAX MAY CHANGE IN FUTURE RELEASE
Jan-08 14:01:48.288 [main] WARN  nextflow.script.ScriptBinding - Access to undefined parameter `subjects` -- Initialise it to a default value eg. `params.subjects = some_value`
Jan-08 14:01:49.078 [main] DEBUG nextflow.Session - Ignite dataflow network (3)
Jan-08 14:01:49.097 [PathVisitor-1] DEBUG nextflow.file.PathVisitor - files for syntax: glob; folder: /archive/data/SPINS/pipelines/bids_apps/ciftify/; pattern: sub-*; options: [type:dir]
Jan-08 14:01:49.099 [main] DEBUG nextflow.script.ScriptRunner - > Await termination 
Jan-08 14:01:49.099 [main] DEBUG nextflow.Session - Session await
Jan-08 14:01:49.099 [main] DEBUG nextflow.Session - Session await > all process finished
Jan-08 14:01:49.099 [PathVisitor-2] DEBUG nextflow.file.PathVisitor - files for syntax: glob; folder: /archive/data/SPINS/pipelines/bids_apps/fmriprep/; pattern: sub-*; options: [type:dir]
Jan-08 14:01:49.099 [main] DEBUG nextflow.Session - Session await > all barriers passed
Jan-08 14:01:49.394 [main] DEBUG nextflow.trace.StatsObserver - Workflow completed > WorkflowStats[succeedCount=0; failedCount=0; ignoredCount=0; cachedCount=0; succeedDuration=0ms; failedDuration=0ms; cachedDuration=0ms]
Jan-08 14:01:49.476 [main] DEBUG nextflow.CacheDB - Closing CacheDB done
Jan-08 14:01:49.527 [main] DEBUG nextflow.script.ScriptRunner - > Execution complete -- Goodbye
